2022-02-17 10:15:56,066 INFO  StartupInfoLogger:55 - [] Starting WuapplicationApplication using Java 11.0.13 on krishna-PC with PID 6112 (/home/krishna/Desktop/wuapplication/target/classes started by krishna in /home/krishna/Desktop/wuapplication)
2022-02-17 10:15:56,117 INFO  SpringApplication:637 - [] No active profile set, falling back to default profiles: default
2022-02-17 10:15:56,560 INFO  DeferredLog:255 - [] Devtools property defaults active! Set 'spring.devtools.add-properties' to 'false' to disable
2022-02-17 10:15:56,562 INFO  DeferredLog:255 - [] For additional web related logging consider setting the 'logging.level.web' property to 'DEBUG'
2022-02-17 10:16:00,709 INFO  RepositoryConfigurationDelegate:132 - [] Bootstrapping Spring Data JPA repositories in DEFAULT mode.
2022-02-17 10:16:00,901 INFO  RepositoryConfigurationDelegate:201 - [] Finished Spring Data repository scanning in 161 ms. Found 3 JPA repository interfaces.
2022-02-17 10:16:03,944 INFO  TomcatWebServer:108 - [] Tomcat initialized with port(s): 8080 (http)
2022-02-17 10:16:03,969 INFO  DirectJDKLog:173 - [] Starting service [Tomcat]
2022-02-17 10:16:03,970 INFO  DirectJDKLog:173 - [] Starting Servlet engine: [Apache Tomcat/9.0.56]
2022-02-17 10:16:04,255 INFO  DirectJDKLog:173 - [] Initializing Spring embedded WebApplicationContext
2022-02-17 10:16:04,256 INFO  ServletWebServerApplicationContext:290 - [] Root WebApplicationContext: initialization completed in 7692 ms
2022-02-17 10:16:04,904 INFO  LogHelper:31 - [] HHH000204: Processing PersistenceUnitInfo [name: default]
2022-02-17 10:16:05,092 INFO  Version:44 - [] HHH000412: Hibernate ORM core version 5.6.4.Final
2022-02-17 10:16:05,781 INFO  JavaReflectionManager:56 - [] HCANN000001: Hibernate Commons Annotations {5.1.2.Final}
2022-02-17 10:16:06,112 INFO  HikariDataSource:110 - [] HikariPool-1 - Starting...
2022-02-17 10:16:07,387 INFO  HikariDataSource:123 - [] HikariPool-1 - Start completed.
2022-02-17 10:16:07,583 INFO  Dialect:175 - [] HHH000400: Using dialect: org.hibernate.dialect.MySQL8Dialect
2022-02-17 10:16:10,214 INFO  JtaPlatformInitiator:52 - [] HHH000490: Using JtaPlatform implementation: [org.hibernate.engine.transaction.jta.platform.internal.NoJtaPlatform]
2022-02-17 10:16:10,230 INFO  AbstractEntityManagerFactoryBean:437 - [] Initialized JPA EntityManagerFactory for persistence unit 'default'
2022-02-17 10:16:10,384 WARN  JpaBaseConfiguration$JpaWebConfiguration:219 - [] spring.jpa.open-in-view is enabled by default. Therefore, database queries may be performed during view rendering. Explicitly configure spring.jpa.open-in-view to disable this warning
2022-02-17 10:16:12,173 INFO  DefaultSecurityFilterChain:51 - [] Will secure any request with [org.springframework.security.web.context.request.async.WebAsyncManagerIntegrationFilter@f5f70f8, org.springframework.security.web.context.SecurityContextPersistenceFilter@36dd475, org.springframework.security.web.header.HeaderWriterFilter@16b07aaf, org.springframework.security.web.authentication.logout.LogoutFilter@348a92ab, org.springframework.security.web.authentication.UsernamePasswordAuthenticationFilter@4ab47f9f, org.springframework.security.web.savedrequest.RequestCacheAwareFilter@6e34bbe5, org.springframework.security.web.servletapi.SecurityContextHolderAwareRequestFilter@3777c4d6, org.springframework.security.web.authentication.AnonymousAuthenticationFilter@20f506a5, org.springframework.security.web.session.SessionManagementFilter@213d3a9, org.springframework.security.web.access.ExceptionTranslationFilter@488b1095, org.springframework.security.web.access.intercept.FilterSecurityInterceptor@ffe4e1]
2022-02-17 10:16:12,886 INFO  WelcomePageHandlerMapping:57 - [] Adding welcome page template: index
2022-02-17 10:16:13,617 INFO  OptionalLiveReloadServer:58 - [] LiveReload server is running on port 35729
2022-02-17 10:16:13,714 INFO  TomcatWebServer:220 - [] Tomcat started on port(s): 8080 (http) with context path ''
2022-02-17 10:16:13,741 INFO  StartupInfoLogger:61 - [] Started WuapplicationApplication in 20.042 seconds (JVM running for 23.738)
